<?xml version="1.0" encoding="UTF-8"?>
<testsuites tests="2" failures="0" disabled="0" errors="0" time="6.939" timestamp="2026-09-06T16:08:07.838" name="AllTests">
  <testsuite name="SearchRequestSafetyTest" tests="2" failures="0" disabled="0" skipped="0" errors="0" time="6.928" timestamp="2026-09-06T16:08:07.849">
    <testcase name="PrintClientRendersCurrentSearchSurfaceAndPreservesDcState" file="C:\Users\developer\tmp\sakura-audit-safety\src\test\cpp\tests1\workbench\SearchWorkbenchToolTest.cpp" line="452" status="run" result="completed" time="0.028" timestamp="2026-09-06T16:08:07.850" classname="SearchRequestSafetyTest" />
    <testcase name="DiagnosticVisibleInvalidationPaint" file="C:\Users\developer\tmp\sakura-audit-safety\src\test\cpp\tests1\workbench\SearchWorkbenchToolTest.cpp" line="485" status="run" result="completed" time="6.894" timestamp="2026-09-06T16:08:07.882" classname="SearchRequestSafetyTest" />
  </testsuite>
</testsuites>
