<?xml version="1.0" encoding="UTF-8"?>
<testsuites tests="1" failures="0" disabled="0" errors="0" time="7.164" timestamp="2026-09-06T15:40:22.202" name="AllTests">
  <testsuite name="SearchRequestSafetyTest" tests="1" failures="0" disabled="0" skipped="0" errors="0" time="7.139" timestamp="2026-09-06T15:40:22.224">
    <testcase name="DiagnosticVisibleInvalidationPaint" file="C:\Users\developer\tmp\sakura-audit-safety\src\test\cpp\tests1\workbench\SearchWorkbenchToolTest.cpp" line="485" status="run" result="completed" time="7.135" timestamp="2026-09-06T15:40:22.226" classname="SearchRequestSafetyTest" />
  </testsuite>
</testsuites>
